<?xml version="1.0" encoding="UTF-8"?>
<!-- Generated by org.testng.reporters.JUnitXMLReporter -->
<testsuite ignored="4" hostname="LTIN518363" failures="0" tests="3" name="ChromeTest" time="58.107" errors="0" timestamp="2024-04-07T12:26:03 IST">
  <testcase classname="testcases.TC002_Usedcars" name="UsedCarDetails" time="10.677"/>
  <testcase classname="testcases.TC003_Googlesignin" name="verifyLoginPage" time="17.811"/>
  <testcase classname="testcases.TC003_Googlesignin" name="verifyGoogleLogin" time="16.506"/>
  <testcase classname="testbase.Baseclass" name="@BeforeTest invokeBrowser" time="0.0">
    <ignored/>
  </testcase> <!-- @BeforeTest invokeBrowser -->
  <testcase classname="testbase.Baseclass" name="@BeforeTest invokeBrowser" time="0.0">
    <ignored/>
  </testcase> <!-- @BeforeTest invokeBrowser -->
  <testcase classname="testbase.Baseclass" name="@AfterTest tearDown" time="0.0">
    <ignored/>
  </testcase> <!-- @AfterTest tearDown -->
  <testcase classname="testbase.Baseclass" name="@AfterTest tearDown" time="0.0">
    <ignored/>
  </testcase> <!-- @AfterTest tearDown -->
</testsuite> <!-- ChromeTest -->
