<?xml version="1.0" encoding="UTF-8"?>
<testng-results ignored="0" total="6" passed="6" failed="0" skipped="0">
  <reporter-output>
  </reporter-output>
  <suite started-at="2024-04-07T12:25:02 IST" name="Suite" finished-at="2024-04-07T12:28:06 IST" duration-ms="183448">
    <groups>
      <group name="regression">
        <method signature="TC003_Googlesignin.verifyLoginPage()[pri:0, instance:testcases.TC003_Googlesignin@7c9d8e2]" name="verifyLoginPage" class="testcases.TC003_Googlesignin"/>
        <method signature="TC003_Googlesignin.verifyGoogleLogin()[pri:0, instance:testcases.TC003_Googlesignin@7c9d8e2]" name="verifyGoogleLogin" class="testcases.TC003_Googlesignin"/>
        <method signature="TC002_Usedcars.UsedCarDetails()[pri:0, instance:testcases.TC002_Usedcars@23348b5d]" name="UsedCarDetails" class="testcases.TC002_Usedcars"/>
        <method signature="TC003_Googlesignin.verifyLoginPage()[pri:0, instance:testcases.TC003_Googlesignin@424e1977]" name="verifyLoginPage" class="testcases.TC003_Googlesignin"/>
        <method signature="TC003_Googlesignin.verifyGoogleLogin()[pri:0, instance:testcases.TC003_Googlesignin@424e1977]" name="verifyGoogleLogin" class="testcases.TC003_Googlesignin"/>
        <method signature="TC002_Usedcars.UsedCarDetails()[pri:0, instance:testcases.TC002_Usedcars@31f9b85e]" name="UsedCarDetails" class="testcases.TC002_Usedcars"/>
      </group> <!-- regression -->
      <group name="smoke">
        <method signature="TC003_Googlesignin.verifyLoginPage()[pri:0, instance:testcases.TC003_Googlesignin@7c9d8e2]" name="verifyLoginPage" class="testcases.TC003_Googlesignin"/>
        <method signature="TC003_Googlesignin.verifyLoginPage()[pri:0, instance:testcases.TC003_Googlesignin@424e1977]" name="verifyLoginPage" class="testcases.TC003_Googlesignin"/>
      </group> <!-- smoke -->
      <group name="master">
        <method signature="TC003_Googlesignin.verifyLoginPage()[pri:0, instance:testcases.TC003_Googlesignin@7c9d8e2]" name="verifyLoginPage" class="testcases.TC003_Googlesignin"/>
        <method signature="TC003_Googlesignin.verifyGoogleLogin()[pri:0, instance:testcases.TC003_Googlesignin@7c9d8e2]" name="verifyGoogleLogin" class="testcases.TC003_Googlesignin"/>
        <method signature="TC002_Usedcars.UsedCarDetails()[pri:0, instance:testcases.TC002_Usedcars@23348b5d]" name="UsedCarDetails" class="testcases.TC002_Usedcars"/>
        <method signature="TC003_Googlesignin.verifyLoginPage()[pri:0, instance:testcases.TC003_Googlesignin@424e1977]" name="verifyLoginPage" class="testcases.TC003_Googlesignin"/>
        <method signature="TC003_Googlesignin.verifyGoogleLogin()[pri:0, instance:testcases.TC003_Googlesignin@424e1977]" name="verifyGoogleLogin" class="testcases.TC003_Googlesignin"/>
        <method signature="TC002_Usedcars.UsedCarDetails()[pri:0, instance:testcases.TC002_Usedcars@31f9b85e]" name="UsedCarDetails" class="testcases.TC002_Usedcars"/>
      </group> <!-- master -->
    </groups>
    <test started-at="2024-04-07T12:25:02 IST" name="ChromeTest" finished-at="2024-04-07T12:26:00 IST" duration-ms="58107">
      <class name="testcases.TC003_Googlesignin">
        <test-method signature="verifyLoginPage()[pri:0, instance:testcases.TC003_Googlesignin@7c9d8e2]" started-at="2024-04-07T12:25:24 IST" name="verifyLoginPage" finished-at="2024-04-07T12:25:42 IST" duration-ms="17811" status="PASS">
          <reporter-output>
          </reporter-output>
        </test-method> <!-- verifyLoginPage -->
        <test-method signature="verifyGoogleLogin()[pri:0, instance:testcases.TC003_Googlesignin@7c9d8e2]" started-at="2024-04-07T12:25:42 IST" name="verifyGoogleLogin" finished-at="2024-04-07T12:25:59 IST" depends-on-methods="testcases.TC003_Googlesignin.verifyLoginPage" duration-ms="16506" status="PASS">
          <reporter-output>
          </reporter-output>
        </test-method> <!-- verifyGoogleLogin -->
      </class> <!-- testcases.TC003_Googlesignin -->
      <class name="testcases.TC002_Usedcars">
        <test-method signature="UsedCarDetails()[pri:0, instance:testcases.TC002_Usedcars@23348b5d]" started-at="2024-04-07T12:25:13 IST" name="UsedCarDetails" finished-at="2024-04-07T12:25:23 IST" duration-ms="10677" status="PASS">
          <reporter-output>
          </reporter-output>
        </test-method> <!-- UsedCarDetails -->
      </class> <!-- testcases.TC002_Usedcars -->
      <class name="testcases.TC001_Upcomingbikes">
        <test-method is-config="true" signature="invokeBrowser(java.lang.String,java.lang.String)[pri:0, instance:testcases.TC001_Upcomingbikes@2925bf5b]" started-at="2024-04-07T12:25:03 IST" name="invokeBrowser" finished-at="2024-04-07T12:25:13 IST" duration-ms="10031" status="PASS">
          <params>
            <param index="0">
              <value>
                <![CDATA[Windows]]>
              </value>
            </param>
            <param index="1">
              <value>
                <![CDATA[chrome]]>
              </value>
            </param>
          </params>
          <reporter-output>
          </reporter-output>
        </test-method> <!-- invokeBrowser -->
        <test-method is-config="true" signature="tearDown()[pri:0, instance:testcases.TC001_Upcomingbikes@2925bf5b]" started-at="2024-04-07T12:25:59 IST" name="tearDown" finished-at="2024-04-07T12:26:00 IST" duration-ms="1272" status="PASS">
          <reporter-output>
          </reporter-output>
        </test-method> <!-- tearDown -->
      </class> <!-- testcases.TC001_Upcomingbikes -->
    </test> <!-- ChromeTest -->
    <test started-at="2024-04-07T12:26:03 IST" name="EdgeTest" finished-at="2024-04-07T12:28:06 IST" duration-ms="122871">
      <class name="testcases.TC003_Googlesignin">
        <test-method signature="verifyLoginPage()[pri:0, instance:testcases.TC003_Googlesignin@424e1977]" started-at="2024-04-07T12:27:30 IST" name="verifyLoginPage" finished-at="2024-04-07T12:27:47 IST" duration-ms="16978" status="PASS">
          <reporter-output>
          </reporter-output>
        </test-method> <!-- verifyLoginPage -->
        <test-method signature="verifyGoogleLogin()[pri:0, instance:testcases.TC003_Googlesignin@424e1977]" started-at="2024-04-07T12:27:47 IST" name="verifyGoogleLogin" finished-at="2024-04-07T12:28:04 IST" depends-on-methods="testcases.TC003_Googlesignin.verifyLoginPage" duration-ms="16522" status="PASS">
          <reporter-output>
          </reporter-output>
        </test-method> <!-- verifyGoogleLogin -->
      </class> <!-- testcases.TC003_Googlesignin -->
      <class name="testcases.TC002_Usedcars">
        <test-method signature="UsedCarDetails()[pri:0, instance:testcases.TC002_Usedcars@31f9b85e]" started-at="2024-04-07T12:26:32 IST" name="UsedCarDetails" finished-at="2024-04-07T12:27:29 IST" duration-ms="57146" status="PASS">
          <reporter-output>
          </reporter-output>
        </test-method> <!-- UsedCarDetails -->
      </class> <!-- testcases.TC002_Usedcars -->
      <class name="testcases.TC001_Upcomingbikes">
        <test-method is-config="true" signature="invokeBrowser(java.lang.String,java.lang.String)[pri:0, instance:testcases.TC001_Upcomingbikes@762ef0ea]" started-at="2024-04-07T12:26:03 IST" name="invokeBrowser" finished-at="2024-04-07T12:26:32 IST" duration-ms="29192" status="PASS">
          <params>
            <param index="0">
              <value>
                <![CDATA[Windows]]>
              </value>
            </param>
            <param index="1">
              <value>
                <![CDATA[edge]]>
              </value>
            </param>
          </params>
          <reporter-output>
          </reporter-output>
        </test-method> <!-- invokeBrowser -->
        <test-method is-config="true" signature="tearDown()[pri:0, instance:testcases.TC001_Upcomingbikes@762ef0ea]" started-at="2024-04-07T12:28:04 IST" name="tearDown" finished-at="2024-04-07T12:28:06 IST" duration-ms="1630" status="PASS">
          <reporter-output>
          </reporter-output>
        </test-method> <!-- tearDown -->
      </class> <!-- testcases.TC001_Upcomingbikes -->
    </test> <!-- EdgeTest -->
  </suite> <!-- Suite -->
</testng-results>
